#
# A fatal error has been detected by the Java Runtime Environment:
#
#  EXCEPTION_ACCESS_VIOLATION (0xc0000005) at pc=0x6d95469f, pid=3512, tid=3452
#
# JRE version: 6.0_18-b07
# Java VM: Java HotSpot(TM) Client VM (16.0-b13 mixed mode, sharing windows-x86 )
# Problematic frame:
# V  [jvm.dll+0xa469f]
#
# If you would like to submit a bug report, please visit:
#   http://java.sun.com/webapps/bugreport/crash.jsp
#

---------------  T H R E A D  ---------------

Current thread (0x02e6a400):  VMThread [stack: 0x02f50000,0x02fa0000] [id=3452]

siginfo: ExceptionCode=0xc0000005, reading address 0x00000050

Registers:
EAX=0x2d3b00e0, EBX=0x002aac70, ECX=0x2d3b00e0, EDX=0x00000000
ESP=0x02f9fb30, EBP=0x02f9fb4c, ESI=0x22bcca98, EDI=0x00000000
EIP=0x6d95469f, EFLAGS=0x00010246

Top of Stack: (sp=0x02f9fb30)
0x02f9fb30:   22bcca98 24d243e8 02f9fc64 00001004
0x02f9fb40:   00000000 002aac70 00000000 02f9fb60
0x02f9fb50:   6d9548e7 22bcca98 24d26734 24d243e8
0x02f9fb60:   02f9fb78 6da255ab 24d243e8 24d53ec8
0x02f9fb70:   24d22728 02f9fc64 02f9fb98 6da5efb8
0x02f9fb80:   24d22728 02f9fc64 002acb98 02f9fc64
0x02f9fb90:   002a3ec4 002acca8 02f9fbac 6d97e751
0x02f9fba0:   02f9fc64 002a3e70 00000001 02f9fbc4 

Instructions: (pc=0x6d95469f)
0x6d95468f:   07 c1 e8 02 25 fe ff ff 3f eb 08 8b 10 56 8b c8
0x6d95469f:   ff 52 50 89 45 fc 8b f8 8b 06 f6 d0 a8 01 8b 06 


Stack: [0x02f50000,0x02fa0000],  sp=0x02f9fb30,  free space=13e02f9f6a4k
Native frames: (J=compiled Java code, j=interpreted, Vv=VM code, C=native code)
V  [jvm.dll+0xa469f]
V  [jvm.dll+0xa48e7]
V  [jvm.dll+0x1755ab]
V  [jvm.dll+0x1aefb8]
V  [jvm.dll+0xce751]
V  [jvm.dll+0xc8575]
V  [jvm.dll+0xa3097]
V  [jvm.dll+0xc9398]
V  [jvm.dll+0x7e7cb]
V  [jvm.dll+0x1f442b]
V  [jvm.dll+0x1f6ed3]
V  [jvm.dll+0x1f615e]
V  [jvm.dll+0x1f64ac]
V  [jvm.dll+0x1f68d2]
V  [jvm.dll+0x17f9cc]
C  [MSVCR71.dll+0x9565]
C  [kernel32.dll+0xb50b]

VM_Operation (0x00cbeb94): GenCollectForAllocation, mode: safepoint, requested by thread 0x002a7000


---------------  P R O C E S S  ---------------

Java Threads: ( => current thread )
  0x02e7e400 JavaThread "Low Memory Detector" daemon [_thread_blocked, id=3576, stack(0x03ff0000,0x043f0000)]
  0x02e77c00 JavaThread "CompilerThread0" daemon [_thread_blocked, id=3348, stack(0x03fa0000,0x03ff0000)]
  0x02e76400 JavaThread "Attach Listener" daemon [_thread_blocked, id=3456, stack(0x03ba0000,0x03fa0000)]
  0x02e74c00 JavaThread "Signal Dispatcher" daemon [_thread_blocked, id=3584, stack(0x037a0000,0x03ba0000)]
  0x02e70400 JavaThread "Finalizer" daemon [_thread_blocked, id=3352, stack(0x033a0000,0x037a0000)]
  0x02e6b800 JavaThread "Reference Handler" daemon [_thread_blocked, id=3472, stack(0x02fa0000,0x033a0000)]
  0x002a7000 JavaThread "main" [_thread_blocked, id=3344, stack(0x008c0000,0x00cc0000)]

Other Threads:
=>0x02e6a400 VMThread [stack: 0x02f50000,0x02fa0000] [id=3452]
  0x02e80400 WatcherThread [stack: 0x043f0000,0x04440000] [id=3536]

VM state:at safepoint (normal execution)

VM Mutex/Monitor currently owned by a thread:  ([mutex/lock_event])
[0x002a5f48] Threads_lock - owner thread: 0x02e6a400
[0x002a6358] Heap_lock - owner thread: 0x002a7000

Heap
 def new generation   total 3712K, used 3685K [0x22970000, 0x22d70000, 0x24970000)
  eden space 3328K, 100% used [0x22970000, 0x22cb0000, 0x22cb0000)
  from space 384K,  93% used [0x22cb0000, 0x22d097c8, 0x22d10000)
  to   space 384K,  99% used [0x22d10000, 0x22d6fff8, 0x22d70000)
 tenured generation   total 5804K, used 4007K [0x24970000, 0x24f1b000, 0x28970000)
   the space 5804K,  69% used [0x24970000, 0x24d59f70, 0x24d5a000, 0x24f1b000)
 compacting perm gen  total 12288K, used 2371K [0x28970000, 0x29570000, 0x2c970000)
   the space 12288K,  19% used [0x28970000, 0x28bc0ee0, 0x28bc1000, 0x29570000)
    ro space 10240K,  54% used [0x2c970000, 0x2cee8290, 0x2cee8400, 0x2d370000)
    rw space 12288K,  55% used [0x2d370000, 0x2da0d1c0, 0x2da0d200, 0x2df70000)

Dynamic libraries:
0x00400000 - 0x0040a000 	C:\Program Files\Java\jdk1.6.0_18\bin\javac.exe
0x7c900000 - 0x7c9b0000 	C:\WINDOWS\system32\ntdll.dll
0x7c800000 - 0x7c8f4000 	C:\WINDOWS\system32\kernel32.dll
0x6d010000 - 0x6d025000 	C:\Program Files\Java\jdk1.6.0_18\bin\jli.dll
0x77dd0000 - 0x77e6b000 	C:\WINDOWS\system32\ADVAPI32.dll
0x77e70000 - 0x77f01000 	C:\WINDOWS\system32\RPCRT4.dll
0x7c340000 - 0x7c396000 	C:\Program Files\Java\jdk1.6.0_18\bin\MSVCR71.dll
0x002b0000 - 0x00306000 	C:\Program Files\Java\jdk1.6.0_18\jre\bin\msvcr71.dll
0x6d8b0000 - 0x6db47000 	C:\Program Files\Java\jdk1.6.0_18\jre\bin\client\jvm.dll
0x77d40000 - 0x77dd0000 	C:\WINDOWS\system32\USER32.dll
0x77f10000 - 0x77f56000 	C:\WINDOWS\system32\GDI32.dll
0x76b40000 - 0x76b6d000 	C:\WINDOWS\system32\WINMM.dll
0x6d860000 - 0x6d86c000 	C:\Program Files\Java\jdk1.6.0_18\jre\bin\verify.dll
0x6d3e0000 - 0x6d3ff000 	C:\Program Files\Java\jdk1.6.0_18\jre\bin\java.dll
0x6d340000 - 0x6d348000 	C:\Program Files\Java\jdk1.6.0_18\jre\bin\hpi.dll
0x76bf0000 - 0x76bfb000 	C:\WINDOWS\system32\PSAPI.DLL
0x6d8a0000 - 0x6d8af000 	C:\Program Files\Java\jdk1.6.0_18\jre\bin\zip.dll

VM Arguments:
jvm_args: -Denv.class.path=.;.;C:\PROGRA~1\JMF21~1.1E\lib\sound.jar;C:\PROGRA~1\JMF21~1.1E\lib\jmf.jar;C:\PROGRA~1\JMF21~1.1E\lib; -Dapplication.home=C:\Program Files\Java\jdk1.6.0_18 -Xms8m -Xss4m -ea:com.sun.tools... 
java_command: com.sun.tools.javac.Main WebBrowser.java
Launcher Type: SUN_STANDARD

Environment Variables:
CLASSPATH=.;.;C:\PROGRA~1\JMF21~1.1E\lib\sound.jar;C:\PROGRA~1\JMF21~1.1E\lib\jmf.jar;C:\PROGRA~1\JMF21~1.1E\lib;
PATH=C:\WINDOWS\system32;C:\WINDOWS;C:\WINDOWS\System32\Wbem;C:\Program Files\Java\jdk1.6.0_18\bin;C:\Program Files\Common Files\Ahead\Lib\
USERNAME=Pravin
OS=Windows_NT
PROCESSOR_IDENTIFIER=x86 Family 6 Model 8 Stepping 10, GenuineIntel



---------------  S Y S T E M  ---------------

OS: Windows XP Build 2600 Service Pack 2

CPU:total 1 (1 cores per cpu, 1 threads per core) family 6 model 8 stepping 10, cmov, cx8, fxsr, mmx, sse

Memory: 4k page, physical 260656k(77692k free), swap 640408k(462516k free)

vm_info: Java HotSpot(TM) Client VM (16.0-b13) for windows-x86 JRE (1.6.0_18-b07), built on Dec 17 2009 13:35:55 by "java_re" with MS VC++ 7.1 (VS2003)

time: Tue Aug 31 06:14:38 2010
elapsed time: 3 seconds

